nohup: ignoring input
yarn run v1.22.22
$ concurrently npm:start:*
[server] 
[server] > store1@0.1.0 start:server
[server] > node ./dist/index.js
[server] 
[worker] 
[worker] > store1@0.1.0 start:worker
[worker] > node ./dist/index-worker.js
[worker] 
[worker] info 5/19/25, 10:28 AM - [Vendure Worker] Bootstrapping Vendure Worker (pid: 149203)... 
[server] info 5/19/25, 10:28 AM - [Vendure Server] Bootstrapping Vendure Server (pid: 149204)... 
[worker] info 5/19/25, 10:28 AM - [Vendure Worker] Vendure Worker is ready 
[worker] info 5/19/25, 10:28 AM - [JobQueue] Starting queue: apply-collection-filters 
[worker] info 5/19/25, 10:28 AM - [JobQueue] Starting queue: clean-sessions 
[worker] info 5/19/25, 10:28 AM - [JobQueue] Starting queue: update-search-index 
[worker] info 5/19/25, 10:28 AM - [JobQueue] Starting queue: send-email 
[server] info 5/19/25, 10:28 AM - [AdminUiPlugin] Creating admin ui middleware (prod mode) 
[server] info 5/19/25, 10:28 AM - [AssetServerPlugin] Creating asset server middleware 
[server] info 5/19/25, 10:28 AM - [EmailPlugin] Creating dev mailbox middleware 
[server] info 5/19/25, 10:28 AM - [RoutesResolver] HealthController {/health}: 
[server] info 5/19/25, 10:28 AM - [RouterExplorer] Mapped {/health, GET} route 
[server] info 5/19/25, 10:28 AM - [GraphQLModule] Mapped {/shop-api, POST} route 
[server] info 5/19/25, 10:28 AM - [GraphQLModule] Mapped {/admin-api, POST} route 
[server] info 5/19/25, 10:28 AM - [NestApplication] Nest application successfully started 
[server] error 5/19/25, 10:28 AM - [NestApplication] Error: listen EADDRINUSE: address already in use :::4001 
[server] Error: listen EADDRINUSE: address already in use :::4001
[server]     at Server.setupListenHandle [as _listen2] (node:net:1898:16)
[server]     at listenInCluster (node:net:1955:12)
[server]     at Server.listen (node:net:2057:7)
[server]     at ExpressAdapter.listen (/root/project/sites/store1/store/node_modules/@nestjs/platform-express/adapters/express-adapter.js:109:32)
[server]     at /root/project/sites/store1/store/node_modules/@nestjs/core/nest-application.js:183:30
[server]     at new Promise (<anonymous>)
[server]     at NestApplication.listen (/root/project/sites/store1/store/node_modules/@nestjs/core/nest-application.js:173:16)
[server]     at async bootstrap (/root/project/sites/store1/store/node_modules/@vendure/core/dist/bootstrap.js:115:5) {
[server]   code: 'EADDRINUSE',
[server]   errno: -98,
[server]   syscall: 'listen',
[server]   address: '::',
[server]   port: 4001
[server] }
